[0.290s] DEBUG:colcon:Command line arguments: ['/usr/bin/colcon', 'build']
[0.291s] DEBUG:colcon:Parsed command line arguments: Namespace(log_base=None, log_level=None, verb_name='build', build_base='build', install_base='install', merge_install=False, symlink_install=False, test_result_base=None, continue_on_error=False, executor='parallel', parallel_workers=12, event_handlers=None, ignore_user_meta=False, metas=['./colcon.meta'], base_paths=['.'], packages_ignore=None, packages_ignore_regex=None, paths=None, packages_up_to=None, packages_up_to_regex=None, packages_above=None, packages_above_and_dependencies=None, packages_above_depth=None, packages_select_by_dep=None, packages_skip_by_dep=None, packages_skip_up_to=None, packages_select_build_failed=False, packages_skip_build_finished=False, packages_select_test_failures=False, packages_skip_test_passed=False, packages_select=None, packages_skip=None, packages_select_regex=None, packages_skip_regex=None, packages_start=None, packages_end=None, allow_overriding=[], cmake_args=None, cmake_target=None, cmake_target_skip_unavailable=False, cmake_clean_cache=False, cmake_clean_first=False, cmake_force_configure=False, ament_cmake_args=None, catkin_cmake_args=None, catkin_skip_building_tests=False, verb_parser=<colcon_defaults.argument_parser.defaults.DefaultArgumentsDecorator object at 0x7f7e62a24280>, verb_extension=<colcon_core.verb.build.BuildVerb object at 0x7f7e62b9d6c0>, main=<bound method BuildVerb.main of <colcon_core.verb.build.BuildVerb object at 0x7f7e62b9d6c0>>)
[0.553s] Level 1:colcon.colcon_core.package_discovery:discover_packages(colcon_meta) check parameters
[0.553s] Level 1:colcon.colcon_core.package_discovery:discover_packages(recursive) check parameters
[0.553s] Level 1:colcon.colcon_core.package_discovery:discover_packages(ignore) check parameters
[0.553s] Level 1:colcon.colcon_core.package_discovery:discover_packages(path) check parameters
[0.553s] Level 1:colcon.colcon_core.package_discovery:discover_packages(colcon_meta) discover
[0.553s] Level 1:colcon.colcon_core.package_discovery:discover_packages(recursive) discover
[0.553s] INFO:colcon.colcon_core.package_discovery:Crawling recursively for packages in '/home/relogic/ros2_ws/src/COMP0246_Labs'
[0.553s] Level 1:colcon.colcon_core.package_identification:_identify(.) by extensions ['ignore', 'ignore_ament_install']
[0.554s] Level 1:colcon.colcon_core.package_identification:_identify(.) by extension 'ignore'
[0.554s] Level 1:colcon.colcon_core.package_identification:_identify(.) by extension 'ignore_ament_install'
[0.554s] Level 1:colcon.colcon_core.package_identification:_identify(.) by extensions ['colcon_pkg']
[0.554s] Level 1:colcon.colcon_core.package_identification:_identify(.) by extension 'colcon_pkg'
[0.554s] Level 1:colcon.colcon_core.package_identification:_identify(.) by extensions ['colcon_meta']
[0.554s] Level 1:colcon.colcon_core.package_identification:_identify(.) by extension 'colcon_meta'
[0.554s] Level 1:colcon.colcon_core.package_identification:_identify(.) by extensions ['ros']
[0.554s] Level 1:colcon.colcon_core.package_identification:_identify(.) by extension 'ros'
[0.583s] Level 1:colcon.colcon_core.package_identification:_identify(.) by extensions ['cmake', 'python']
[0.583s] Level 1:colcon.colcon_core.package_identification:_identify(.) by extension 'cmake'
[0.583s] Level 1:colcon.colcon_core.package_identification:_identify(.) by extension 'python'
[0.583s] Level 1:colcon.colcon_core.package_identification:_identify(.) by extensions ['python_setup_py']
[0.583s] Level 1:colcon.colcon_core.package_identification:_identify(.) by extension 'python_setup_py'
[0.583s] Level 1:colcon.colcon_core.package_identification:_identify(build) by extensions ['ignore', 'ignore_ament_install']
[0.583s] Level 1:colcon.colcon_core.package_identification:_identify(build) by extension 'ignore'
[0.583s] Level 1:colcon.colcon_core.package_identification:_identify(build) ignored
[0.584s] Level 1:colcon.colcon_core.package_identification:_identify(franka_description) by extensions ['ignore', 'ignore_ament_install']
[0.584s] Level 1:colcon.colcon_core.package_identification:_identify(franka_description) by extension 'ignore'
[0.584s] Level 1:colcon.colcon_core.package_identification:_identify(franka_description) by extension 'ignore_ament_install'
[0.584s] Level 1:colcon.colcon_core.package_identification:_identify(franka_description) by extensions ['colcon_pkg']
[0.584s] Level 1:colcon.colcon_core.package_identification:_identify(franka_description) by extension 'colcon_pkg'
[0.584s] Level 1:colcon.colcon_core.package_identification:_identify(franka_description) by extensions ['colcon_meta']
[0.584s] Level 1:colcon.colcon_core.package_identification:_identify(franka_description) by extension 'colcon_meta'
[0.584s] Level 1:colcon.colcon_core.package_identification:_identify(franka_description) by extensions ['ros']
[0.584s] Level 1:colcon.colcon_core.package_identification:_identify(franka_description) by extension 'ros'
[0.588s] DEBUG:colcon.colcon_core.package_identification:Package 'franka_description' with type 'ros.ament_cmake' and name 'franka_description'
[0.589s] Level 1:colcon.colcon_core.package_identification:_identify(install) by extensions ['ignore', 'ignore_ament_install']
[0.589s] Level 1:colcon.colcon_core.package_identification:_identify(install) by extension 'ignore'
[0.589s] Level 1:colcon.colcon_core.package_identification:_identify(install) ignored
[0.589s] Level 1:colcon.colcon_core.package_identification:_identify(lab1submission) by extensions ['ignore', 'ignore_ament_install']
[0.589s] Level 1:colcon.colcon_core.package_identification:_identify(lab1submission) by extension 'ignore'
[0.589s] Level 1:colcon.colcon_core.package_identification:_identify(lab1submission) by extension 'ignore_ament_install'
[0.589s] Level 1:colcon.colcon_core.package_identification:_identify(lab1submission) by extensions ['colcon_pkg']
[0.589s] Level 1:colcon.colcon_core.package_identification:_identify(lab1submission) by extension 'colcon_pkg'
[0.589s] Level 1:colcon.colcon_core.package_identification:_identify(lab1submission) by extensions ['colcon_meta']
[0.589s] Level 1:colcon.colcon_core.package_identification:_identify(lab1submission) by extension 'colcon_meta'
[0.589s] Level 1:colcon.colcon_core.package_identification:_identify(lab1submission) by extensions ['ros']
[0.589s] Level 1:colcon.colcon_core.package_identification:_identify(lab1submission) by extension 'ros'
[0.590s] Level 1:colcon.colcon_core.package_identification:_identify(lab1submission) by extensions ['cmake', 'python']
[0.590s] Level 1:colcon.colcon_core.package_identification:_identify(lab1submission) by extension 'cmake'
[0.590s] Level 1:colcon.colcon_core.package_identification:_identify(lab1submission) by extension 'python'
[0.590s] Level 1:colcon.colcon_core.package_identification:_identify(lab1submission) by extensions ['python_setup_py']
[0.590s] Level 1:colcon.colcon_core.package_identification:_identify(lab1submission) by extension 'python_setup_py'
[0.590s] Level 1:colcon.colcon_core.package_identification:_identify(lab1submission/assets) by extensions ['ignore', 'ignore_ament_install']
[0.590s] Level 1:colcon.colcon_core.package_identification:_identify(lab1submission/assets) by extension 'ignore'
[0.590s] Level 1:colcon.colcon_core.package_identification:_identify(lab1submission/assets) by extension 'ignore_ament_install'
[0.590s] Level 1:colcon.colcon_core.package_identification:_identify(lab1submission/assets) by extensions ['colcon_pkg']
[0.590s] Level 1:colcon.colcon_core.package_identification:_identify(lab1submission/assets) by extension 'colcon_pkg'
[0.590s] Level 1:colcon.colcon_core.package_identification:_identify(lab1submission/assets) by extensions ['colcon_meta']
[0.590s] Level 1:colcon.colcon_core.package_identification:_identify(lab1submission/assets) by extension 'colcon_meta'
[0.590s] Level 1:colcon.colcon_core.package_identification:_identify(lab1submission/assets) by extensions ['ros']
[0.590s] Level 1:colcon.colcon_core.package_identification:_identify(lab1submission/assets) by extension 'ros'
[0.590s] Level 1:colcon.colcon_core.package_identification:_identify(lab1submission/assets) by extensions ['cmake', 'python']
[0.590s] Level 1:colcon.colcon_core.package_identification:_identify(lab1submission/assets) by extension 'cmake'
[0.590s] Level 1:colcon.colcon_core.package_identification:_identify(lab1submission/assets) by extension 'python'
[0.591s] Level 1:colcon.colcon_core.package_identification:_identify(lab1submission/assets) by extensions ['python_setup_py']
[0.591s] Level 1:colcon.colcon_core.package_identification:_identify(lab1submission/assets) by extension 'python_setup_py'
[0.591s] Level 1:colcon.colcon_core.package_identification:_identify(lab1submission/transform_helpers) by extensions ['ignore', 'ignore_ament_install']
[0.591s] Level 1:colcon.colcon_core.package_identification:_identify(lab1submission/transform_helpers) by extension 'ignore'
[0.591s] Level 1:colcon.colcon_core.package_identification:_identify(lab1submission/transform_helpers) by extension 'ignore_ament_install'
[0.591s] Level 1:colcon.colcon_core.package_identification:_identify(lab1submission/transform_helpers) by extensions ['colcon_pkg']
[0.591s] Level 1:colcon.colcon_core.package_identification:_identify(lab1submission/transform_helpers) by extension 'colcon_pkg'
[0.591s] Level 1:colcon.colcon_core.package_identification:_identify(lab1submission/transform_helpers) by extensions ['colcon_meta']
[0.591s] Level 1:colcon.colcon_core.package_identification:_identify(lab1submission/transform_helpers) by extension 'colcon_meta'
[0.591s] Level 1:colcon.colcon_core.package_identification:_identify(lab1submission/transform_helpers) by extensions ['ros']
[0.591s] Level 1:colcon.colcon_core.package_identification:_identify(lab1submission/transform_helpers) by extension 'ros'
[0.592s] DEBUG:colcon.colcon_core.package_identification:Package 'lab1submission/transform_helpers' with type 'ros.ament_python' and name 'transform_helpers'
[0.592s] Level 1:colcon.colcon_core.package_identification:_identify(log) by extensions ['ignore', 'ignore_ament_install']
[0.592s] Level 1:colcon.colcon_core.package_identification:_identify(log) by extension 'ignore'
[0.592s] Level 1:colcon.colcon_core.package_identification:_identify(log) ignored
[0.592s] Level 1:colcon.colcon_core.package_identification:_identify(py_srvcli) by extensions ['ignore', 'ignore_ament_install']
[0.593s] Level 1:colcon.colcon_core.package_identification:_identify(py_srvcli) by extension 'ignore'
[0.593s] Level 1:colcon.colcon_core.package_identification:_identify(py_srvcli) by extension 'ignore_ament_install'
[0.593s] Level 1:colcon.colcon_core.package_identification:_identify(py_srvcli) by extensions ['colcon_pkg']
[0.593s] Level 1:colcon.colcon_core.package_identification:_identify(py_srvcli) by extension 'colcon_pkg'
[0.593s] Level 1:colcon.colcon_core.package_identification:_identify(py_srvcli) by extensions ['colcon_meta']
[0.593s] Level 1:colcon.colcon_core.package_identification:_identify(py_srvcli) by extension 'colcon_meta'
[0.593s] Level 1:colcon.colcon_core.package_identification:_identify(py_srvcli) by extensions ['ros']
[0.593s] Level 1:colcon.colcon_core.package_identification:_identify(py_srvcli) by extension 'ros'
[0.594s] DEBUG:colcon.colcon_core.package_identification:Package 'py_srvcli' with type 'ros.ament_python' and name 'py_srvcli'
[0.594s] Level 1:colcon.colcon_core.package_discovery:discover_packages(recursive) using defaults
[0.594s] Level 1:colcon.colcon_core.package_discovery:discover_packages(ignore) discover
[0.594s] Level 1:colcon.colcon_core.package_discovery:discover_packages(ignore) using defaults
[0.594s] Level 1:colcon.colcon_core.package_discovery:discover_packages(path) discover
[0.594s] Level 1:colcon.colcon_core.package_discovery:discover_packages(path) using defaults
[0.634s] Level 1:colcon.colcon_core.package_discovery:discover_packages(prefix_path) check parameters
[0.634s] Level 1:colcon.colcon_core.package_discovery:discover_packages(prefix_path) discover
[0.637s] DEBUG:colcon.colcon_installed_package_information.package_discovery:Found 3 installed packages in /home/relogic/ros2_ws/install
[0.638s] DEBUG:colcon.colcon_installed_package_information.package_discovery:Found 273 installed packages in /opt/ros/humble
[0.641s] Level 1:colcon.colcon_core.package_discovery:discover_packages(prefix_path) using defaults
[0.720s] Level 5:colcon.colcon_core.verb:set package 'franka_description' build argument 'cmake_args' from command line to 'None'
[0.720s] Level 5:colcon.colcon_core.verb:set package 'franka_description' build argument 'cmake_target' from command line to 'None'
[0.720s] Level 5:colcon.colcon_core.verb:set package 'franka_description' build argument 'cmake_target_skip_unavailable' from command line to 'False'
[0.720s] Level 5:colcon.colcon_core.verb:set package 'franka_description' build argument 'cmake_clean_cache' from command line to 'False'
[0.720s] Level 5:colcon.colcon_core.verb:set package 'franka_description' build argument 'cmake_clean_first' from command line to 'False'
[0.720s] Level 5:colcon.colcon_core.verb:set package 'franka_description' build argument 'cmake_force_configure' from command line to 'False'
[0.720s] Level 5:colcon.colcon_core.verb:set package 'franka_description' build argument 'ament_cmake_args' from command line to 'None'
[0.720s] Level 5:colcon.colcon_core.verb:set package 'franka_description' build argument 'catkin_cmake_args' from command line to 'None'
[0.720s] Level 5:colcon.colcon_core.verb:set package 'franka_description' build argument 'catkin_skip_building_tests' from command line to 'False'
[0.720s] DEBUG:colcon.colcon_core.verb:Building package 'franka_description' with the following arguments: {'ament_cmake_args': None, 'build_base': '/home/relogic/ros2_ws/src/COMP0246_Labs/build/franka_description', 'catkin_cmake_args': None, 'catkin_skip_building_tests': False, 'cmake_args': None, 'cmake_clean_cache': False, 'cmake_clean_first': False, 'cmake_force_configure': False, 'cmake_target': None, 'cmake_target_skip_unavailable': False, 'install_base': '/home/relogic/ros2_ws/src/COMP0246_Labs/install/franka_description', 'merge_install': False, 'path': '/home/relogic/ros2_ws/src/COMP0246_Labs/franka_description', 'symlink_install': False, 'test_result_base': None}
[0.721s] Level 5:colcon.colcon_core.verb:set package 'py_srvcli' build argument 'cmake_args' from command line to 'None'
[0.721s] Level 5:colcon.colcon_core.verb:set package 'py_srvcli' build argument 'cmake_target' from command line to 'None'
[0.721s] Level 5:colcon.colcon_core.verb:set package 'py_srvcli' build argument 'cmake_target_skip_unavailable' from command line to 'False'
[0.721s] Level 5:colcon.colcon_core.verb:set package 'py_srvcli' build argument 'cmake_clean_cache' from command line to 'False'
[0.721s] Level 5:colcon.colcon_core.verb:set package 'py_srvcli' build argument 'cmake_clean_first' from command line to 'False'
[0.721s] Level 5:colcon.colcon_core.verb:set package 'py_srvcli' build argument 'cmake_force_configure' from command line to 'False'
[0.721s] Level 5:colcon.colcon_core.verb:set package 'py_srvcli' build argument 'ament_cmake_args' from command line to 'None'
[0.721s] Level 5:colcon.colcon_core.verb:set package 'py_srvcli' build argument 'catkin_cmake_args' from command line to 'None'
[0.721s] Level 5:colcon.colcon_core.verb:set package 'py_srvcli' build argument 'catkin_skip_building_tests' from command line to 'False'
[0.721s] DEBUG:colcon.colcon_core.verb:Building package 'py_srvcli' with the following arguments: {'ament_cmake_args': None, 'build_base': '/home/relogic/ros2_ws/src/COMP0246_Labs/build/py_srvcli', 'catkin_cmake_args': None, 'catkin_skip_building_tests': False, 'cmake_args': None, 'cmake_clean_cache': False, 'cmake_clean_first': False, 'cmake_force_configure': False, 'cmake_target': None, 'cmake_target_skip_unavailable': False, 'install_base': '/home/relogic/ros2_ws/src/COMP0246_Labs/install/py_srvcli', 'merge_install': False, 'path': '/home/relogic/ros2_ws/src/COMP0246_Labs/py_srvcli', 'symlink_install': False, 'test_result_base': None}
[0.721s] Level 5:colcon.colcon_core.verb:set package 'transform_helpers' build argument 'cmake_args' from command line to 'None'
[0.721s] Level 5:colcon.colcon_core.verb:set package 'transform_helpers' build argument 'cmake_target' from command line to 'None'
[0.721s] Level 5:colcon.colcon_core.verb:set package 'transform_helpers' build argument 'cmake_target_skip_unavailable' from command line to 'False'
[0.721s] Level 5:colcon.colcon_core.verb:set package 'transform_helpers' build argument 'cmake_clean_cache' from command line to 'False'
[0.721s] Level 5:colcon.colcon_core.verb:set package 'transform_helpers' build argument 'cmake_clean_first' from command line to 'False'
[0.721s] Level 5:colcon.colcon_core.verb:set package 'transform_helpers' build argument 'cmake_force_configure' from command line to 'False'
[0.721s] Level 5:colcon.colcon_core.verb:set package 'transform_helpers' build argument 'ament_cmake_args' from command line to 'None'
[0.721s] Level 5:colcon.colcon_core.verb:set package 'transform_helpers' build argument 'catkin_cmake_args' from command line to 'None'
[0.722s] Level 5:colcon.colcon_core.verb:set package 'transform_helpers' build argument 'catkin_skip_building_tests' from command line to 'False'
[0.722s] DEBUG:colcon.colcon_core.verb:Building package 'transform_helpers' with the following arguments: {'ament_cmake_args': None, 'build_base': '/home/relogic/ros2_ws/src/COMP0246_Labs/build/transform_helpers', 'catkin_cmake_args': None, 'catkin_skip_building_tests': False, 'cmake_args': None, 'cmake_clean_cache': False, 'cmake_clean_first': False, 'cmake_force_configure': False, 'cmake_target': None, 'cmake_target_skip_unavailable': False, 'install_base': '/home/relogic/ros2_ws/src/COMP0246_Labs/install/transform_helpers', 'merge_install': False, 'path': '/home/relogic/ros2_ws/src/COMP0246_Labs/lab1submission/transform_helpers', 'symlink_install': False, 'test_result_base': None}
[0.722s] INFO:colcon.colcon_core.executor:Executing jobs using 'parallel' executor
[0.723s] DEBUG:colcon.colcon_parallel_executor.executor.parallel:run_until_complete
[0.723s] INFO:colcon.colcon_ros.task.ament_cmake.build:Building ROS package in '/home/relogic/ros2_ws/src/COMP0246_Labs/franka_description' with build type 'ament_cmake'
[0.724s] INFO:colcon.colcon_cmake.task.cmake.build:Building CMake package in '/home/relogic/ros2_ws/src/COMP0246_Labs/franka_description'
[0.727s] INFO:colcon.colcon_core.plugin_system:Skipping extension 'colcon_core.shell.bat': Not used on non-Windows systems
[0.727s] INFO:colcon.colcon_core.shell:Skip shell extension 'powershell' for command environment: Not usable outside of PowerShell
[0.727s] DEBUG:colcon.colcon_core.shell:Skip shell extension 'dsv' for command environment
[0.731s] INFO:colcon.colcon_ros.task.ament_python.build:Building ROS package in '/home/relogic/ros2_ws/src/COMP0246_Labs/py_srvcli' with build type 'ament_python'
[0.731s] Level 1:colcon.colcon_core.shell:create_environment_hook('py_srvcli', 'ament_prefix_path')
[0.731s] INFO:colcon.colcon_core.shell:Creating environment hook '/home/relogic/ros2_ws/src/COMP0246_Labs/install/py_srvcli/share/py_srvcli/hook/ament_prefix_path.ps1'
[0.734s] INFO:colcon.colcon_core.shell:Creating environment descriptor '/home/relogic/ros2_ws/src/COMP0246_Labs/install/py_srvcli/share/py_srvcli/hook/ament_prefix_path.dsv'
[0.735s] INFO:colcon.colcon_core.shell:Creating environment hook '/home/relogic/ros2_ws/src/COMP0246_Labs/install/py_srvcli/share/py_srvcli/hook/ament_prefix_path.sh'
[0.736s] INFO:colcon.colcon_core.shell:Skip shell extension 'powershell' for command environment: Not usable outside of PowerShell
[0.736s] DEBUG:colcon.colcon_core.shell:Skip shell extension 'dsv' for command environment
[0.752s] DEBUG:colcon.colcon_core.event_handler.log_command:Invoking command in '/home/relogic/ros2_ws/src/COMP0246_Labs/build/franka_description': CMAKE_PREFIX_PATH=${CMAKE_PREFIX_PATH}:/home/relogic/ros2_ws/install/transform_helpers:/home/relogic/ros2_ws/install/py_srvcli:/opt/ros/humble /usr/bin/cmake /home/relogic/ros2_ws/src/COMP0246_Labs/franka_description -DCMAKE_INSTALL_PREFIX=/home/relogic/ros2_ws/src/COMP0246_Labs/install/franka_description
[1.111s] INFO:colcon.colcon_core.task.python.build:Building Python package in '/home/relogic/ros2_ws/src/COMP0246_Labs/py_srvcli'
[1.111s] INFO:colcon.colcon_core.shell:Skip shell extension 'powershell' for command environment: Not usable outside of PowerShell
[1.111s] DEBUG:colcon.colcon_core.shell:Skip shell extension 'dsv' for command environment
[1.598s] DEBUG:colcon.colcon_core.event_handler.log_command:Invoking command in '/home/relogic/ros2_ws/src/COMP0246_Labs/py_srvcli': PYTHONPATH=/home/relogic/ros2_ws/src/COMP0246_Labs/build/py_srvcli/prefix_override:/usr/lib/python3/dist-packages/colcon_core/task/python/colcon_distutils_commands:/home/relogic/ros2_ws/src/COMP0246_Labs/install/py_srvcli/lib/python3.10/site-packages:${PYTHONPATH} /usr/bin/python3 -W ignore:setup.py install is deprecated -W ignore:easy_install command is deprecated setup.py egg_info --egg-base ../build/py_srvcli build --build-base /home/relogic/ros2_ws/src/COMP0246_Labs/build/py_srvcli/build install --record /home/relogic/ros2_ws/src/COMP0246_Labs/build/py_srvcli/install.log --single-version-externally-managed install_data
[1.904s] DEBUG:colcon.colcon_core.event_handler.log_command:Invoked command in '/home/relogic/ros2_ws/src/COMP0246_Labs/py_srvcli' returned '0': PYTHONPATH=/home/relogic/ros2_ws/src/COMP0246_Labs/build/py_srvcli/prefix_override:/usr/lib/python3/dist-packages/colcon_core/task/python/colcon_distutils_commands:/home/relogic/ros2_ws/src/COMP0246_Labs/install/py_srvcli/lib/python3.10/site-packages:${PYTHONPATH} /usr/bin/python3 -W ignore:setup.py install is deprecated -W ignore:easy_install command is deprecated setup.py egg_info --egg-base ../build/py_srvcli build --build-base /home/relogic/ros2_ws/src/COMP0246_Labs/build/py_srvcli/build install --record /home/relogic/ros2_ws/src/COMP0246_Labs/build/py_srvcli/install.log --single-version-externally-managed install_data
[1.908s] Level 1:colcon.colcon_core.environment:checking '/home/relogic/ros2_ws/src/COMP0246_Labs/install/py_srvcli' for CMake module files
[1.908s] Level 1:colcon.colcon_core.environment:checking '/home/relogic/ros2_ws/src/COMP0246_Labs/install/py_srvcli' for CMake config files
[1.909s] Level 1:colcon.colcon_core.environment:checking '/home/relogic/ros2_ws/src/COMP0246_Labs/install/py_srvcli/lib'
[1.909s] Level 1:colcon.colcon_core.environment:checking '/home/relogic/ros2_ws/src/COMP0246_Labs/install/py_srvcli/bin'
[1.909s] Level 1:colcon.colcon_core.environment:checking '/home/relogic/ros2_ws/src/COMP0246_Labs/install/py_srvcli/lib/pkgconfig/py_srvcli.pc'
[1.909s] Level 1:colcon.colcon_core.environment:checking '/home/relogic/ros2_ws/src/COMP0246_Labs/install/py_srvcli/lib/python3.10/site-packages'
[1.910s] Level 1:colcon.colcon_core.shell:create_environment_hook('py_srvcli', 'pythonpath')
[1.910s] INFO:colcon.colcon_core.shell:Creating environment hook '/home/relogic/ros2_ws/src/COMP0246_Labs/install/py_srvcli/share/py_srvcli/hook/pythonpath.ps1'
[1.910s] INFO:colcon.colcon_core.shell:Creating environment descriptor '/home/relogic/ros2_ws/src/COMP0246_Labs/install/py_srvcli/share/py_srvcli/hook/pythonpath.dsv'
[1.910s] INFO:colcon.colcon_core.shell:Creating environment hook '/home/relogic/ros2_ws/src/COMP0246_Labs/install/py_srvcli/share/py_srvcli/hook/pythonpath.sh'
[1.911s] Level 1:colcon.colcon_core.environment:checking '/home/relogic/ros2_ws/src/COMP0246_Labs/install/py_srvcli/bin'
[1.911s] Level 1:colcon.colcon_core.environment:create_environment_scripts_only(py_srvcli)
[1.912s] INFO:colcon.colcon_core.shell:Creating package script '/home/relogic/ros2_ws/src/COMP0246_Labs/install/py_srvcli/share/py_srvcli/package.ps1'
[1.913s] INFO:colcon.colcon_core.shell:Creating package descriptor '/home/relogic/ros2_ws/src/COMP0246_Labs/install/py_srvcli/share/py_srvcli/package.dsv'
[1.913s] INFO:colcon.colcon_core.shell:Creating package script '/home/relogic/ros2_ws/src/COMP0246_Labs/install/py_srvcli/share/py_srvcli/package.sh'
[1.914s] INFO:colcon.colcon_core.shell:Creating package script '/home/relogic/ros2_ws/src/COMP0246_Labs/install/py_srvcli/share/py_srvcli/package.bash'
[1.915s] INFO:colcon.colcon_core.shell:Creating package script '/home/relogic/ros2_ws/src/COMP0246_Labs/install/py_srvcli/share/py_srvcli/package.zsh'
[1.916s] Level 1:colcon.colcon_core.environment:create_file_with_runtime_dependencies(/home/relogic/ros2_ws/src/COMP0246_Labs/install/py_srvcli/share/colcon-core/packages/py_srvcli)
[3.035s] DEBUG:colcon.colcon_core.event_handler.log_command:Invoked command in '/home/relogic/ros2_ws/src/COMP0246_Labs/build/franka_description' returned '0': CMAKE_PREFIX_PATH=${CMAKE_PREFIX_PATH}:/home/relogic/ros2_ws/install/transform_helpers:/home/relogic/ros2_ws/install/py_srvcli:/opt/ros/humble /usr/bin/cmake /home/relogic/ros2_ws/src/COMP0246_Labs/franka_description -DCMAKE_INSTALL_PREFIX=/home/relogic/ros2_ws/src/COMP0246_Labs/install/franka_description
[3.039s] DEBUG:colcon.colcon_core.event_handler.log_command:Invoking command in '/home/relogic/ros2_ws/src/COMP0246_Labs/build/franka_description': CMAKE_PREFIX_PATH=${CMAKE_PREFIX_PATH}:/home/relogic/ros2_ws/install/transform_helpers:/home/relogic/ros2_ws/install/py_srvcli:/opt/ros/humble /usr/bin/cmake --build /home/relogic/ros2_ws/src/COMP0246_Labs/build/franka_description -- -j12 -l12
[3.073s] DEBUG:colcon.colcon_core.event_handler.log_command:Invoked command in '/home/relogic/ros2_ws/src/COMP0246_Labs/build/franka_description' returned '0': CMAKE_PREFIX_PATH=${CMAKE_PREFIX_PATH}:/home/relogic/ros2_ws/install/transform_helpers:/home/relogic/ros2_ws/install/py_srvcli:/opt/ros/humble /usr/bin/cmake --build /home/relogic/ros2_ws/src/COMP0246_Labs/build/franka_description -- -j12 -l12
[3.081s] DEBUG:colcon.colcon_core.event_handler.log_command:Invoking command in '/home/relogic/ros2_ws/src/COMP0246_Labs/build/franka_description': CMAKE_PREFIX_PATH=${CMAKE_PREFIX_PATH}:/home/relogic/ros2_ws/install/transform_helpers:/home/relogic/ros2_ws/install/py_srvcli:/opt/ros/humble /usr/bin/cmake --install /home/relogic/ros2_ws/src/COMP0246_Labs/build/franka_description
[3.394s] Level 1:colcon.colcon_core.environment:create_environment_scripts_only(franka_description)
[3.394s] Level 1:colcon.colcon_core.environment:checking '/home/relogic/ros2_ws/src/COMP0246_Labs/install/franka_description' for CMake module files
[3.395s] DEBUG:colcon.colcon_core.event_handler.log_command:Invoked command in '/home/relogic/ros2_ws/src/COMP0246_Labs/build/franka_description' returned '0': CMAKE_PREFIX_PATH=${CMAKE_PREFIX_PATH}:/home/relogic/ros2_ws/install/transform_helpers:/home/relogic/ros2_ws/install/py_srvcli:/opt/ros/humble /usr/bin/cmake --install /home/relogic/ros2_ws/src/COMP0246_Labs/build/franka_description
[3.395s] Level 1:colcon.colcon_core.environment:checking '/home/relogic/ros2_ws/src/COMP0246_Labs/install/franka_description' for CMake config files
[3.396s] Level 1:colcon.colcon_core.shell:create_environment_hook('franka_description', 'cmake_prefix_path')
[3.396s] INFO:colcon.colcon_core.shell:Creating environment hook '/home/relogic/ros2_ws/src/COMP0246_Labs/install/franka_description/share/franka_description/hook/cmake_prefix_path.ps1'
[3.398s] INFO:colcon.colcon_core.shell:Creating environment descriptor '/home/relogic/ros2_ws/src/COMP0246_Labs/install/franka_description/share/franka_description/hook/cmake_prefix_path.dsv'
[3.399s] INFO:colcon.colcon_core.shell:Creating environment hook '/home/relogic/ros2_ws/src/COMP0246_Labs/install/franka_description/share/franka_description/hook/cmake_prefix_path.sh'
[3.400s] Level 1:colcon.colcon_core.environment:checking '/home/relogic/ros2_ws/src/COMP0246_Labs/install/franka_description/bin'
[3.400s] Level 1:colcon.colcon_core.environment:checking '/home/relogic/ros2_ws/src/COMP0246_Labs/install/franka_description/lib/pkgconfig/franka_description.pc'
[3.400s] Level 1:colcon.colcon_core.environment:checking '/home/relogic/ros2_ws/src/COMP0246_Labs/install/franka_description/lib/python3.10/site-packages'
[3.400s] Level 1:colcon.colcon_core.environment:checking '/home/relogic/ros2_ws/src/COMP0246_Labs/install/franka_description/bin'
[3.401s] INFO:colcon.colcon_core.shell:Creating package script '/home/relogic/ros2_ws/src/COMP0246_Labs/install/franka_description/share/franka_description/package.ps1'
[3.402s] INFO:colcon.colcon_core.shell:Creating package descriptor '/home/relogic/ros2_ws/src/COMP0246_Labs/install/franka_description/share/franka_description/package.dsv'
[3.402s] INFO:colcon.colcon_core.shell:Creating package script '/home/relogic/ros2_ws/src/COMP0246_Labs/install/franka_description/share/franka_description/package.sh'
[3.403s] INFO:colcon.colcon_core.shell:Creating package script '/home/relogic/ros2_ws/src/COMP0246_Labs/install/franka_description/share/franka_description/package.bash'
[3.403s] INFO:colcon.colcon_core.shell:Creating package script '/home/relogic/ros2_ws/src/COMP0246_Labs/install/franka_description/share/franka_description/package.zsh'
[3.404s] Level 1:colcon.colcon_core.environment:create_file_with_runtime_dependencies(/home/relogic/ros2_ws/src/COMP0246_Labs/install/franka_description/share/colcon-core/packages/franka_description)
[3.405s] Level 1:colcon.colcon_core.environment:create_environment_scripts_only(franka_description)
[3.406s] Level 1:colcon.colcon_core.environment:checking '/home/relogic/ros2_ws/src/COMP0246_Labs/install/franka_description' for CMake module files
[3.406s] Level 1:colcon.colcon_core.environment:checking '/home/relogic/ros2_ws/src/COMP0246_Labs/install/franka_description' for CMake config files
[3.407s] Level 1:colcon.colcon_core.shell:create_environment_hook('franka_description', 'cmake_prefix_path')
[3.408s] INFO:colcon.colcon_core.shell:Creating environment hook '/home/relogic/ros2_ws/src/COMP0246_Labs/install/franka_description/share/franka_description/hook/cmake_prefix_path.ps1'
[3.409s] INFO:colcon.colcon_core.shell:Creating environment descriptor '/home/relogic/ros2_ws/src/COMP0246_Labs/install/franka_description/share/franka_description/hook/cmake_prefix_path.dsv'
[3.409s] INFO:colcon.colcon_core.shell:Creating environment hook '/home/relogic/ros2_ws/src/COMP0246_Labs/install/franka_description/share/franka_description/hook/cmake_prefix_path.sh'
[3.410s] Level 1:colcon.colcon_core.environment:checking '/home/relogic/ros2_ws/src/COMP0246_Labs/install/franka_description/bin'
[3.410s] Level 1:colcon.colcon_core.environment:checking '/home/relogic/ros2_ws/src/COMP0246_Labs/install/franka_description/lib/pkgconfig/franka_description.pc'
[3.410s] Level 1:colcon.colcon_core.environment:checking '/home/relogic/ros2_ws/src/COMP0246_Labs/install/franka_description/lib/python3.10/site-packages'
[3.411s] Level 1:colcon.colcon_core.environment:checking '/home/relogic/ros2_ws/src/COMP0246_Labs/install/franka_description/bin'
[3.411s] INFO:colcon.colcon_core.shell:Creating package script '/home/relogic/ros2_ws/src/COMP0246_Labs/install/franka_description/share/franka_description/package.ps1'
[3.412s] INFO:colcon.colcon_core.shell:Creating package descriptor '/home/relogic/ros2_ws/src/COMP0246_Labs/install/franka_description/share/franka_description/package.dsv'
[3.412s] INFO:colcon.colcon_core.shell:Creating package script '/home/relogic/ros2_ws/src/COMP0246_Labs/install/franka_description/share/franka_description/package.sh'
[3.413s] INFO:colcon.colcon_core.shell:Creating package script '/home/relogic/ros2_ws/src/COMP0246_Labs/install/franka_description/share/franka_description/package.bash'
[3.413s] INFO:colcon.colcon_core.shell:Creating package script '/home/relogic/ros2_ws/src/COMP0246_Labs/install/franka_description/share/franka_description/package.zsh'
[3.414s] Level 1:colcon.colcon_core.environment:create_file_with_runtime_dependencies(/home/relogic/ros2_ws/src/COMP0246_Labs/install/franka_description/share/colcon-core/packages/franka_description)
[3.414s] INFO:colcon.colcon_ros.task.ament_python.build:Building ROS package in '/home/relogic/ros2_ws/src/COMP0246_Labs/lab1submission/transform_helpers' with build type 'ament_python'
[3.414s] Level 1:colcon.colcon_core.shell:create_environment_hook('transform_helpers', 'ament_prefix_path')
[3.415s] INFO:colcon.colcon_core.shell:Creating environment hook '/home/relogic/ros2_ws/src/COMP0246_Labs/install/transform_helpers/share/transform_helpers/hook/ament_prefix_path.ps1'
[3.418s] INFO:colcon.colcon_core.shell:Creating environment descriptor '/home/relogic/ros2_ws/src/COMP0246_Labs/install/transform_helpers/share/transform_helpers/hook/ament_prefix_path.dsv'
[3.419s] INFO:colcon.colcon_core.shell:Creating environment hook '/home/relogic/ros2_ws/src/COMP0246_Labs/install/transform_helpers/share/transform_helpers/hook/ament_prefix_path.sh'
[3.420s] INFO:colcon.colcon_core.shell:Skip shell extension 'powershell' for command environment: Not usable outside of PowerShell
[3.420s] DEBUG:colcon.colcon_core.shell:Skip shell extension 'dsv' for command environment
[3.917s] INFO:colcon.colcon_core.task.python.build:Building Python package in '/home/relogic/ros2_ws/src/COMP0246_Labs/lab1submission/transform_helpers'
[3.918s] INFO:colcon.colcon_core.shell:Skip shell extension 'powershell' for command environment: Not usable outside of PowerShell
[3.918s] DEBUG:colcon.colcon_core.shell:Skip shell extension 'dsv' for command environment
[4.599s] DEBUG:colcon.colcon_core.event_handler.log_command:Invoking command in '/home/relogic/ros2_ws/src/COMP0246_Labs/lab1submission/transform_helpers': AMENT_PREFIX_PATH=/home/relogic/ros2_ws/src/COMP0246_Labs/install/franka_description:${AMENT_PREFIX_PATH} CMAKE_PREFIX_PATH=/home/relogic/ros2_ws/src/COMP0246_Labs/install/franka_description:${CMAKE_PREFIX_PATH} PYTHONPATH=/home/relogic/ros2_ws/src/COMP0246_Labs/build/transform_helpers/prefix_override:/usr/lib/python3/dist-packages/colcon_core/task/python/colcon_distutils_commands:/home/relogic/ros2_ws/src/COMP0246_Labs/install/transform_helpers/lib/python3.10/site-packages:${PYTHONPATH} /usr/bin/python3 -W ignore:setup.py install is deprecated -W ignore:easy_install command is deprecated setup.py egg_info --egg-base ../../build/transform_helpers build --build-base /home/relogic/ros2_ws/src/COMP0246_Labs/build/transform_helpers/build install --record /home/relogic/ros2_ws/src/COMP0246_Labs/build/transform_helpers/install.log --single-version-externally-managed install_data
[5.171s] Level 1:colcon.colcon_core.environment:checking '/home/relogic/ros2_ws/src/COMP0246_Labs/install/transform_helpers' for CMake module files
[5.173s] DEBUG:colcon.colcon_core.event_handler.log_command:Invoked command in '/home/relogic/ros2_ws/src/COMP0246_Labs/lab1submission/transform_helpers' returned '0': AMENT_PREFIX_PATH=/home/relogic/ros2_ws/src/COMP0246_Labs/install/franka_description:${AMENT_PREFIX_PATH} CMAKE_PREFIX_PATH=/home/relogic/ros2_ws/src/COMP0246_Labs/install/franka_description:${CMAKE_PREFIX_PATH} PYTHONPATH=/home/relogic/ros2_ws/src/COMP0246_Labs/build/transform_helpers/prefix_override:/usr/lib/python3/dist-packages/colcon_core/task/python/colcon_distutils_commands:/home/relogic/ros2_ws/src/COMP0246_Labs/install/transform_helpers/lib/python3.10/site-packages:${PYTHONPATH} /usr/bin/python3 -W ignore:setup.py install is deprecated -W ignore:easy_install command is deprecated setup.py egg_info --egg-base ../../build/transform_helpers build --build-base /home/relogic/ros2_ws/src/COMP0246_Labs/build/transform_helpers/build install --record /home/relogic/ros2_ws/src/COMP0246_Labs/build/transform_helpers/install.log --single-version-externally-managed install_data
[5.173s] Level 1:colcon.colcon_core.environment:checking '/home/relogic/ros2_ws/src/COMP0246_Labs/install/transform_helpers' for CMake config files
[5.174s] Level 1:colcon.colcon_core.environment:checking '/home/relogic/ros2_ws/src/COMP0246_Labs/install/transform_helpers/lib'
[5.174s] Level 1:colcon.colcon_core.environment:checking '/home/relogic/ros2_ws/src/COMP0246_Labs/install/transform_helpers/bin'
[5.174s] Level 1:colcon.colcon_core.environment:checking '/home/relogic/ros2_ws/src/COMP0246_Labs/install/transform_helpers/lib/pkgconfig/transform_helpers.pc'
[5.175s] Level 1:colcon.colcon_core.environment:checking '/home/relogic/ros2_ws/src/COMP0246_Labs/install/transform_helpers/lib/python3.10/site-packages'
[5.175s] Level 1:colcon.colcon_core.shell:create_environment_hook('transform_helpers', 'pythonpath')
[5.175s] INFO:colcon.colcon_core.shell:Creating environment hook '/home/relogic/ros2_ws/src/COMP0246_Labs/install/transform_helpers/share/transform_helpers/hook/pythonpath.ps1'
[5.176s] INFO:colcon.colcon_core.shell:Creating environment descriptor '/home/relogic/ros2_ws/src/COMP0246_Labs/install/transform_helpers/share/transform_helpers/hook/pythonpath.dsv'
[5.177s] INFO:colcon.colcon_core.shell:Creating environment hook '/home/relogic/ros2_ws/src/COMP0246_Labs/install/transform_helpers/share/transform_helpers/hook/pythonpath.sh'
[5.178s] Level 1:colcon.colcon_core.environment:checking '/home/relogic/ros2_ws/src/COMP0246_Labs/install/transform_helpers/bin'
[5.178s] Level 1:colcon.colcon_core.environment:create_environment_scripts_only(transform_helpers)
[5.179s] INFO:colcon.colcon_core.shell:Creating package script '/home/relogic/ros2_ws/src/COMP0246_Labs/install/transform_helpers/share/transform_helpers/package.ps1'
[5.180s] INFO:colcon.colcon_core.shell:Creating package descriptor '/home/relogic/ros2_ws/src/COMP0246_Labs/install/transform_helpers/share/transform_helpers/package.dsv'
[5.181s] INFO:colcon.colcon_core.shell:Creating package script '/home/relogic/ros2_ws/src/COMP0246_Labs/install/transform_helpers/share/transform_helpers/package.sh'
[5.182s] INFO:colcon.colcon_core.shell:Creating package script '/home/relogic/ros2_ws/src/COMP0246_Labs/install/transform_helpers/share/transform_helpers/package.bash'
[5.182s] INFO:colcon.colcon_core.shell:Creating package script '/home/relogic/ros2_ws/src/COMP0246_Labs/install/transform_helpers/share/transform_helpers/package.zsh'
[5.183s] Level 1:colcon.colcon_core.environment:create_file_with_runtime_dependencies(/home/relogic/ros2_ws/src/COMP0246_Labs/install/transform_helpers/share/colcon-core/packages/transform_helpers)
[5.185s] DEBUG:colcon.colcon_parallel_executor.executor.parallel:closing loop
[5.186s] DEBUG:colcon.colcon_parallel_executor.executor.parallel:loop closed
[5.186s] DEBUG:colcon.colcon_parallel_executor.executor.parallel:run_until_complete finished with '0'
[5.187s] DEBUG:colcon.colcon_core.event_reactor:joining thread
[5.253s] INFO:colcon.colcon_core.plugin_system:Skipping extension 'colcon_notification.desktop_notification.notify_send': Could not find 'notify-send'
[5.253s] INFO:colcon.colcon_core.plugin_system:Skipping extension 'colcon_notification.desktop_notification.terminal_notifier': Not used on non-Darwin systems
[5.253s] INFO:colcon.colcon_core.plugin_system:Skipping extension 'colcon_notification.desktop_notification.win32': Not used on non-Windows systems
[5.254s] INFO:colcon.colcon_notification.desktop_notification:Sending desktop notification using 'notify2'
[5.254s] DEBUG:colcon.colcon_notification.desktop_notification.notify2:Failed to initialize notify2: org.freedesktop.DBus.Error.FileNotFound: Failed to connect to socket /run/user/1000/bus: No such file or directory
[5.255s] DEBUG:colcon.colcon_core.event_reactor:joined thread
[5.255s] INFO:colcon.colcon_core.shell:Creating prefix script '/home/relogic/ros2_ws/src/COMP0246_Labs/install/local_setup.ps1'
[5.257s] INFO:colcon.colcon_core.shell:Creating prefix util module '/home/relogic/ros2_ws/src/COMP0246_Labs/install/_local_setup_util_ps1.py'
[5.260s] INFO:colcon.colcon_core.shell:Creating prefix chain script '/home/relogic/ros2_ws/src/COMP0246_Labs/install/setup.ps1'
[5.262s] INFO:colcon.colcon_core.shell:Creating prefix script '/home/relogic/ros2_ws/src/COMP0246_Labs/install/local_setup.sh'
[5.263s] INFO:colcon.colcon_core.shell:Creating prefix util module '/home/relogic/ros2_ws/src/COMP0246_Labs/install/_local_setup_util_sh.py'
[5.265s] INFO:colcon.colcon_core.shell:Creating prefix chain script '/home/relogic/ros2_ws/src/COMP0246_Labs/install/setup.sh'
[5.267s] INFO:colcon.colcon_core.shell:Creating prefix script '/home/relogic/ros2_ws/src/COMP0246_Labs/install/local_setup.bash'
[5.268s] INFO:colcon.colcon_core.shell:Creating prefix chain script '/home/relogic/ros2_ws/src/COMP0246_Labs/install/setup.bash'
[5.269s] INFO:colcon.colcon_core.shell:Creating prefix script '/home/relogic/ros2_ws/src/COMP0246_Labs/install/local_setup.zsh'
[5.271s] INFO:colcon.colcon_core.shell:Creating prefix chain script '/home/relogic/ros2_ws/src/COMP0246_Labs/install/setup.zsh'
