[1.183s] Invoking command in '/home/relogic/ros2_ws/src/COMP0246_Labs/lab1submission/transform_helpers': AMENT_PREFIX_PATH=/home/relogic/ros2_ws/src/COMP0246_Labs/install/franka_description:${AMENT_PREFIX_PATH} CMAKE_PREFIX_PATH=/home/relogic/ros2_ws/src/COMP0246_Labs/install/franka_description:${CMAKE_PREFIX_PATH} PYTHONPATH=/home/relogic/ros2_ws/src/COMP0246_Labs/build/transform_helpers/prefix_override:/usr/lib/python3/dist-packages/colcon_core/task/python/colcon_distutils_commands:/home/relogic/ros2_ws/src/COMP0246_Labs/install/transform_helpers/lib/python3.10/site-packages:${PYTHONPATH} /usr/bin/python3 -W ignore:setup.py install is deprecated -W ignore:easy_install command is deprecated setup.py egg_info --egg-base ../../build/transform_helpers build --build-base /home/relogic/ros2_ws/src/COMP0246_Labs/build/transform_helpers/build install --record /home/relogic/ros2_ws/src/COMP0246_Labs/build/transform_helpers/install.log --single-version-externally-managed install_data
[1.644s] running egg_info
[1.645s] creating ../../build/transform_helpers/transform_helpers.egg-info
[1.646s] writing ../../build/transform_helpers/transform_helpers.egg-info/PKG-INFO
[1.647s] writing dependency_links to ../../build/transform_helpers/transform_helpers.egg-info/dependency_links.txt
[1.647s] writing entry points to ../../build/transform_helpers/transform_helpers.egg-info/entry_points.txt
[1.647s] writing requirements to ../../build/transform_helpers/transform_helpers.egg-info/requires.txt
[1.648s] writing top-level names to ../../build/transform_helpers/transform_helpers.egg-info/top_level.txt
[1.648s] writing manifest file '../../build/transform_helpers/transform_helpers.egg-info/SOURCES.txt'
[1.652s] reading manifest file '../../build/transform_helpers/transform_helpers.egg-info/SOURCES.txt'
[1.653s] writing manifest file '../../build/transform_helpers/transform_helpers.egg-info/SOURCES.txt'
[1.653s] running build
[1.654s] running build_py
[1.654s] creating /home/relogic/ros2_ws/src/COMP0246_Labs/build/transform_helpers/build
[1.655s] creating /home/relogic/ros2_ws/src/COMP0246_Labs/build/transform_helpers/build/lib
[1.655s] creating /home/relogic/ros2_ws/src/COMP0246_Labs/build/transform_helpers/build/lib/transform_helpers
[1.655s] copying transform_helpers/main.py -> /home/relogic/ros2_ws/src/COMP0246_Labs/build/transform_helpers/build/lib/transform_helpers
[1.656s] copying transform_helpers/__init__.py -> /home/relogic/ros2_ws/src/COMP0246_Labs/build/transform_helpers/build/lib/transform_helpers
[1.656s] copying transform_helpers/utils.py -> /home/relogic/ros2_ws/src/COMP0246_Labs/build/transform_helpers/build/lib/transform_helpers
[1.658s] running install
[1.659s] running install_lib
[1.660s] creating /home/relogic/ros2_ws/src/COMP0246_Labs/install/transform_helpers/lib/python3.10/site-packages/transform_helpers
[1.660s] copying /home/relogic/ros2_ws/src/COMP0246_Labs/build/transform_helpers/build/lib/transform_helpers/main.py -> /home/relogic/ros2_ws/src/COMP0246_Labs/install/transform_helpers/lib/python3.10/site-packages/transform_helpers
[1.661s] copying /home/relogic/ros2_ws/src/COMP0246_Labs/build/transform_helpers/build/lib/transform_helpers/__init__.py -> /home/relogic/ros2_ws/src/COMP0246_Labs/install/transform_helpers/lib/python3.10/site-packages/transform_helpers
[1.661s] copying /home/relogic/ros2_ws/src/COMP0246_Labs/build/transform_helpers/build/lib/transform_helpers/utils.py -> /home/relogic/ros2_ws/src/COMP0246_Labs/install/transform_helpers/lib/python3.10/site-packages/transform_helpers
[1.662s] byte-compiling /home/relogic/ros2_ws/src/COMP0246_Labs/install/transform_helpers/lib/python3.10/site-packages/transform_helpers/main.py to main.cpython-310.pyc
[1.664s] byte-compiling /home/relogic/ros2_ws/src/COMP0246_Labs/install/transform_helpers/lib/python3.10/site-packages/transform_helpers/__init__.py to __init__.cpython-310.pyc
[1.665s] byte-compiling /home/relogic/ros2_ws/src/COMP0246_Labs/install/transform_helpers/lib/python3.10/site-packages/transform_helpers/utils.py to utils.cpython-310.pyc
[1.666s] running install_data
[1.666s] creating /home/relogic/ros2_ws/src/COMP0246_Labs/install/transform_helpers/share/ament_index
[1.667s] creating /home/relogic/ros2_ws/src/COMP0246_Labs/install/transform_helpers/share/ament_index/resource_index
[1.668s] creating /home/relogic/ros2_ws/src/COMP0246_Labs/install/transform_helpers/share/ament_index/resource_index/packages
[1.668s] copying resource/transform_helpers -> /home/relogic/ros2_ws/src/COMP0246_Labs/install/transform_helpers/share/ament_index/resource_index/packages
[1.669s] copying package.xml -> /home/relogic/ros2_ws/src/COMP0246_Labs/install/transform_helpers/share/transform_helpers
[1.669s] creating /home/relogic/ros2_ws/src/COMP0246_Labs/install/transform_helpers/share/transform_helpers/config
[1.670s] copying config/viz.rviz -> /home/relogic/ros2_ws/src/COMP0246_Labs/install/transform_helpers/share/transform_helpers/config
[1.671s] creating /home/relogic/ros2_ws/src/COMP0246_Labs/install/transform_helpers/share/transform_helpers/launch
[1.671s] copying launch/bringup.launch.py -> /home/relogic/ros2_ws/src/COMP0246_Labs/install/transform_helpers/share/transform_helpers/launch
[1.671s] running install_egg_info
[1.674s] Copying ../../build/transform_helpers/transform_helpers.egg-info to /home/relogic/ros2_ws/src/COMP0246_Labs/install/transform_helpers/lib/python3.10/site-packages/transform_helpers-0.0.0-py3.10.egg-info
[1.676s] running install_scripts
[1.712s] Installing main script to /home/relogic/ros2_ws/src/COMP0246_Labs/install/transform_helpers/lib/transform_helpers
[1.713s] writing list of installed files to '/home/relogic/ros2_ws/src/COMP0246_Labs/build/transform_helpers/install.log'
[1.756s] Invoked command in '/home/relogic/ros2_ws/src/COMP0246_Labs/lab1submission/transform_helpers' returned '0': AMENT_PREFIX_PATH=/home/relogic/ros2_ws/src/COMP0246_Labs/install/franka_description:${AMENT_PREFIX_PATH} CMAKE_PREFIX_PATH=/home/relogic/ros2_ws/src/COMP0246_Labs/install/franka_description:${CMAKE_PREFIX_PATH} PYTHONPATH=/home/relogic/ros2_ws/src/COMP0246_Labs/build/transform_helpers/prefix_override:/usr/lib/python3/dist-packages/colcon_core/task/python/colcon_distutils_commands:/home/relogic/ros2_ws/src/COMP0246_Labs/install/transform_helpers/lib/python3.10/site-packages:${PYTHONPATH} /usr/bin/python3 -W ignore:setup.py install is deprecated -W ignore:easy_install command is deprecated setup.py egg_info --egg-base ../../build/transform_helpers build --build-base /home/relogic/ros2_ws/src/COMP0246_Labs/build/transform_helpers/build install --record /home/relogic/ros2_ws/src/COMP0246_Labs/build/transform_helpers/install.log --single-version-externally-managed install_data
