[0.866s] Invoking command in '/home/relogic/ros2_ws/src/COMP0246_Labs/py_srvcli': PYTHONPATH=/home/relogic/ros2_ws/src/COMP0246_Labs/build/py_srvcli/prefix_override:/usr/lib/python3/dist-packages/colcon_core/task/python/colcon_distutils_commands:/home/relogic/ros2_ws/src/COMP0246_Labs/install/py_srvcli/lib/python3.10/site-packages:${PYTHONPATH} /usr/bin/python3 -W ignore:setup.py install is deprecated -W ignore:easy_install command is deprecated setup.py egg_info --egg-base ../build/py_srvcli build --build-base /home/relogic/ros2_ws/src/COMP0246_Labs/build/py_srvcli/build install --record /home/relogic/ros2_ws/src/COMP0246_Labs/build/py_srvcli/install.log --single-version-externally-managed install_data
[1.100s] running egg_info
[1.100s] creating ../build/py_srvcli/py_srvcli.egg-info
[1.101s] writing ../build/py_srvcli/py_srvcli.egg-info/PKG-INFO
[1.102s] writing dependency_links to ../build/py_srvcli/py_srvcli.egg-info/dependency_links.txt
[1.102s] writing entry points to ../build/py_srvcli/py_srvcli.egg-info/entry_points.txt
[1.102s] writing requirements to ../build/py_srvcli/py_srvcli.egg-info/requires.txt
[1.103s] writing top-level names to ../build/py_srvcli/py_srvcli.egg-info/top_level.txt
[1.103s] writing manifest file '../build/py_srvcli/py_srvcli.egg-info/SOURCES.txt'
[1.106s] reading manifest file '../build/py_srvcli/py_srvcli.egg-info/SOURCES.txt'
[1.106s] adding license file 'LICENSE'
[1.107s] writing manifest file '../build/py_srvcli/py_srvcli.egg-info/SOURCES.txt'
[1.107s] running build
[1.107s] running build_py
[1.108s] creating /home/relogic/ros2_ws/src/COMP0246_Labs/build/py_srvcli/build
[1.108s] creating /home/relogic/ros2_ws/src/COMP0246_Labs/build/py_srvcli/build/lib
[1.108s] creating /home/relogic/ros2_ws/src/COMP0246_Labs/build/py_srvcli/build/lib/py_srvcli
[1.109s] copying py_srvcli/client_member_function.py -> /home/relogic/ros2_ws/src/COMP0246_Labs/build/py_srvcli/build/lib/py_srvcli
[1.109s] copying py_srvcli/service_member_function.py -> /home/relogic/ros2_ws/src/COMP0246_Labs/build/py_srvcli/build/lib/py_srvcli
[1.109s] copying py_srvcli/__init__.py -> /home/relogic/ros2_ws/src/COMP0246_Labs/build/py_srvcli/build/lib/py_srvcli
[1.110s] running install
[1.110s] running install_lib
[1.111s] creating /home/relogic/ros2_ws/src/COMP0246_Labs/install/py_srvcli/lib/python3.10/site-packages/py_srvcli
[1.112s] copying /home/relogic/ros2_ws/src/COMP0246_Labs/build/py_srvcli/build/lib/py_srvcli/client_member_function.py -> /home/relogic/ros2_ws/src/COMP0246_Labs/install/py_srvcli/lib/python3.10/site-packages/py_srvcli
[1.112s] copying /home/relogic/ros2_ws/src/COMP0246_Labs/build/py_srvcli/build/lib/py_srvcli/service_member_function.py -> /home/relogic/ros2_ws/src/COMP0246_Labs/install/py_srvcli/lib/python3.10/site-packages/py_srvcli
[1.112s] copying /home/relogic/ros2_ws/src/COMP0246_Labs/build/py_srvcli/build/lib/py_srvcli/__init__.py -> /home/relogic/ros2_ws/src/COMP0246_Labs/install/py_srvcli/lib/python3.10/site-packages/py_srvcli
[1.113s] byte-compiling /home/relogic/ros2_ws/src/COMP0246_Labs/install/py_srvcli/lib/python3.10/site-packages/py_srvcli/client_member_function.py to client_member_function.cpython-310.pyc
[1.114s] byte-compiling /home/relogic/ros2_ws/src/COMP0246_Labs/install/py_srvcli/lib/python3.10/site-packages/py_srvcli/service_member_function.py to service_member_function.cpython-310.pyc
[1.115s] byte-compiling /home/relogic/ros2_ws/src/COMP0246_Labs/install/py_srvcli/lib/python3.10/site-packages/py_srvcli/__init__.py to __init__.cpython-310.pyc
[1.115s] running install_data
[1.115s] creating /home/relogic/ros2_ws/src/COMP0246_Labs/install/py_srvcli/share/ament_index
[1.116s] creating /home/relogic/ros2_ws/src/COMP0246_Labs/install/py_srvcli/share/ament_index/resource_index
[1.116s] creating /home/relogic/ros2_ws/src/COMP0246_Labs/install/py_srvcli/share/ament_index/resource_index/packages
[1.116s] copying resource/py_srvcli -> /home/relogic/ros2_ws/src/COMP0246_Labs/install/py_srvcli/share/ament_index/resource_index/packages
[1.117s] copying package.xml -> /home/relogic/ros2_ws/src/COMP0246_Labs/install/py_srvcli/share/py_srvcli
[1.117s] running install_egg_info
[1.119s] Copying ../build/py_srvcli/py_srvcli.egg-info to /home/relogic/ros2_ws/src/COMP0246_Labs/install/py_srvcli/lib/python3.10/site-packages/py_srvcli-0.0.0-py3.10.egg-info
[1.121s] running install_scripts
[1.146s] Installing client script to /home/relogic/ros2_ws/src/COMP0246_Labs/install/py_srvcli/lib/py_srvcli
[1.147s] Installing service script to /home/relogic/ros2_ws/src/COMP0246_Labs/install/py_srvcli/lib/py_srvcli
[1.147s] writing list of installed files to '/home/relogic/ros2_ws/src/COMP0246_Labs/build/py_srvcli/install.log'
[1.172s] Invoked command in '/home/relogic/ros2_ws/src/COMP0246_Labs/py_srvcli' returned '0': PYTHONPATH=/home/relogic/ros2_ws/src/COMP0246_Labs/build/py_srvcli/prefix_override:/usr/lib/python3/dist-packages/colcon_core/task/python/colcon_distutils_commands:/home/relogic/ros2_ws/src/COMP0246_Labs/install/py_srvcli/lib/python3.10/site-packages:${PYTHONPATH} /usr/bin/python3 -W ignore:setup.py install is deprecated -W ignore:easy_install command is deprecated setup.py egg_info --egg-base ../build/py_srvcli build --build-base /home/relogic/ros2_ws/src/COMP0246_Labs/build/py_srvcli/build install --record /home/relogic/ros2_ws/src/COMP0246_Labs/build/py_srvcli/install.log --single-version-externally-managed install_data
